[ 2017-04-21T16:52:26+08:00 ] 127.0.0.1 127.0.0.1 GET /
[ log ] www.tp5.com/ [运行时间：4.056421s][吞吐率：0.25req/s] [内存消耗：1,574.54kb] [文件加载：42]
[ info ] [ LANG ] C:\wamp\www\thinkphp5\thinkphp\lang\zh-cn.php
[ info ] [ ROUTE ] array (
  'type' => 'module',
  'module' => 
  array (
    0 => '',
    1 => NULL,
    2 => NULL,
  ),
)
[ info ] [ HEADER ] array (
  'host' => 'www.tp5.com',
  'connection' => 'keep-alive',
  'accept' => 'text/html,application/xhtml+xml,application/xml;q=0.9,image/webp,*/*;q=0.8',
  'upgrade-insecure-requests' => '1',
  'user-agent' => 'Mozilla/5.0 (Windows NT 10.0; WOW64) AppleWebKit/537.36 (KHTML, like Gecko) Chrome/50.0.2661.102 UBrowser/6.1.2107.204 Safari/537.36',
  'accept-encoding' => 'gzip, deflate',
  'accept-language' => 'zh-CN,zh;q=0.8',
  'cookie' => 'pgv_pvi=7749453824; UM_distinctid=15b8e99034b0-0b5daec5cc28d6-79311340-100200-15b8e99034d3bc; CNZZDATA30088308=cnzz_eid%3D933081318-1492740957-%26ntime%3D1492745266',
)
[ info ] [ PARAM ] array (
)
[ info ] [ RUN ] app\home\controller\Index->index[ C:\wamp\www\thinkphp5\app\home\controller\Index.php ]
[ info ] [ VIEW ] C:\wamp\www\thinkphp5./app/home\view\index\index.html [ array (
  0 => 'name',
) ]
[ info ] [ LOG ] INIT File

---------------------------------------------------------------
[ 2017-04-21T16:52:37+08:00 ] 127.0.0.1 127.0.0.1 GET /uploads
[ log ] www.tp5.com/uploads [运行时间：1.074483s][吞吐率：0.93req/s] [内存消耗：4,127.66kb] [文件加载：49]
[ info ] [ LANG ] C:\wamp\www\thinkphp5\thinkphp\lang\zh-cn.php
[ info ] [ ROUTE ] array (
  'type' => 'module',
  'module' => 'home/uploads/index',
)
[ info ] [ HEADER ] array (
  'host' => 'www.tp5.com',
  'connection' => 'keep-alive',
  'accept' => 'text/html,application/xhtml+xml,application/xml;q=0.9,image/webp,*/*;q=0.8',
  'upgrade-insecure-requests' => '1',
  'user-agent' => 'Mozilla/5.0 (Windows NT 10.0; WOW64) AppleWebKit/537.36 (KHTML, like Gecko) Chrome/50.0.2661.102 UBrowser/6.1.2107.204 Safari/537.36',
  'accept-encoding' => 'gzip, deflate',
  'accept-language' => 'zh-CN,zh;q=0.8',
  'cookie' => 'pgv_pvi=7749453824; UM_distinctid=15b8e99034b0-0b5daec5cc28d6-79311340-100200-15b8e99034d3bc; CNZZDATA30088308=cnzz_eid%3D933081318-1492740957-%26ntime%3D1492745266',
)
[ info ] [ PARAM ] array (
)
[ info ] [ RUN ] app\home\controller\Uploads->index[ C:\wamp\www\thinkphp5\app\home\controller\Uploads.php ]
[ info ] [ DB ] INIT mysql
[ info ] [ VIEW ] C:\wamp\www\thinkphp5./app/home\view\uploads\index.html [ array (
  0 => 'name',
) ]
[ info ] [ LOG ] INIT File
[ sql ] [ DB ] CONNECT:[ UseTime:0.260896s ] mysql:dbname=thinkphp;host=127.0.0.1;port=3306;charset=utf8
[ sql ] [ SQL ] SHOW COLUMNS FROM `think_news_content` [ RunTime:0.166235s ]
[ sql ] [ SQL ] SELECT * FROM `think_news_content` [ RunTime:0.315455s ]

---------------------------------------------------------------
