[ 2016-05-12T16:39:18+08:00 ] ::1 /myApp/index.php/Admin
INFO: [ app_init ] --START--
INFO: Run Behavior\BuildLiteBehavior [ RunTime:0.000031s ]
INFO: [ app_init ] --END-- [ RunTime:0.000706s ]
INFO: [ app_begin ] --START--
INFO: Run Behavior\ReadHtmlCacheBehavior [ RunTime:0.000789s ]
INFO: [ app_begin ] --END-- [ RunTime:0.000943s ]
INFO: [ view_parse ] --START--
INFO: [ template_filter ] --START--
INFO: Run Behavior\ContentReplaceBehavior [ RunTime:0.000066s ]
INFO: [ template_filter ] --END-- [ RunTime:0.000191s ]
INFO: Run Behavior\ParseTemplateBehavior [ RunTime:0.027988s ]
INFO: [ view_parse ] --END-- [ RunTime:0.028142s ]
INFO: [ view_filter ] --START--
INFO: Run Behavior\WriteHtmlCacheBehavior [ RunTime:0.000593s ]
INFO: [ view_filter ] --END-- [ RunTime:0.000709s ]
INFO: [ app_end ] --START--
INFO: Run Behavior\ShowPageTraceBehavior [ RunTime:0.000684s ]
INFO: [ app_end ] --END-- [ RunTime:0.000799s ]

[ 2016-05-12T16:39:18+08:00 ] ::1 /myApp/index.php/Admin/Public/verify
INFO: [ app_init ] --START--
INFO: Run Behavior\BuildLiteBehavior [ RunTime:0.000039s ]
INFO: [ app_init ] --END-- [ RunTime:0.000527s ]
INFO: [ app_begin ] --START--
INFO: Run Behavior\ReadHtmlCacheBehavior [ RunTime:0.000604s ]
INFO: [ app_begin ] --END-- [ RunTime:0.000753s ]
INFO: [ app_end ] --START--
INFO: Run Behavior\ShowPageTraceBehavior [ RunTime:0.001096s ]
INFO: [ app_end ] --END-- [ RunTime:0.001380s ]

[ 2016-05-12T16:39:39+08:00 ] ::1 /myApp/index.php/Admin/Index/checklogin
INFO: [ app_init ] --START--
INFO: Run Behavior\BuildLiteBehavior [ RunTime:0.000031s ]
INFO: [ app_init ] --END-- [ RunTime:0.000559s ]
INFO: [ app_begin ] --START--
INFO: Run Behavior\ReadHtmlCacheBehavior [ RunTime:0.000616s ]
INFO: [ app_begin ] --END-- [ RunTime:0.000778s ]
SQL: SHOW COLUMNS FROM `tp_root` [ RunTime:0.1865s ]
SQL: SELECT * FROM `tp_root` LIMIT 1   [ RunTime:0.0008s ]
INFO: [ view_parse ] --START--
INFO: [ template_filter ] --START--
INFO: Run Behavior\ContentReplaceBehavior [ RunTime:0.000206s ]
INFO: [ template_filter ] --END-- [ RunTime:0.000611s ]
INFO: Run Behavior\ParseTemplateBehavior [ RunTime:0.018133s ]
INFO: [ view_parse ] --END-- [ RunTime:0.018587s ]
INFO: [ view_filter ] --START--
INFO: Run Behavior\WriteHtmlCacheBehavior [ RunTime:0.001174s ]
INFO: [ view_filter ] --END-- [ RunTime:0.001550s ]
INFO: [ app_end ] --START--
INFO: Run Behavior\ShowPageTraceBehavior [ RunTime:0.001717s ]
INFO: [ app_end ] --END-- [ RunTime:0.002107s ]

[ 2016-05-12T16:39:40+08:00 ] ::1 /myApp/index.php/Admin/Manger/index
INFO: [ app_init ] --START--
INFO: Run Behavior\BuildLiteBehavior [ RunTime:0.000043s ]
INFO: [ app_init ] --END-- [ RunTime:0.000868s ]
INFO: [ app_begin ] --START--
INFO: Run Behavior\ReadHtmlCacheBehavior [ RunTime:0.000718s ]
INFO: [ app_begin ] --END-- [ RunTime:0.000907s ]
INFO: [ view_parse ] --START--
INFO: [ template_filter ] --START--
INFO: Run Behavior\ContentReplaceBehavior [ RunTime:0.000095s ]
INFO: [ template_filter ] --END-- [ RunTime:0.000278s ]
INFO: Run Behavior\ParseTemplateBehavior [ RunTime:0.020387s ]
INFO: [ view_parse ] --END-- [ RunTime:0.020625s ]
INFO: [ view_filter ] --START--
INFO: Run Behavior\WriteHtmlCacheBehavior [ RunTime:0.000552s ]
INFO: [ view_filter ] --END-- [ RunTime:0.000719s ]
INFO: [ app_end ] --START--
INFO: Run Behavior\ShowPageTraceBehavior [ RunTime:0.000795s ]
INFO: [ app_end ] --END-- [ RunTime:0.000966s ]

[ 2016-05-12T16:39:40+08:00 ] ::1 /myApp/index.php/Admin/Manger/welcome
INFO: [ app_init ] --START--
INFO: Run Behavior\BuildLiteBehavior [ RunTime:0.000051s ]
INFO: [ app_init ] --END-- [ RunTime:0.001964s ]
INFO: [ app_begin ] --START--
INFO: Run Behavior\ReadHtmlCacheBehavior [ RunTime:0.001365s ]
INFO: [ app_begin ] --END-- [ RunTime:0.001719s ]
INFO: [ view_parse ] --START--
INFO: [ template_filter ] --START--
INFO: Run Behavior\ContentReplaceBehavior [ RunTime:0.000068s ]
INFO: [ template_filter ] --END-- [ RunTime:0.000233s ]
INFO: Run Behavior\ParseTemplateBehavior [ RunTime:0.011802s ]
INFO: [ view_parse ] --END-- [ RunTime:0.011961s ]
INFO: [ view_filter ] --START--
INFO: Run Behavior\WriteHtmlCacheBehavior [ RunTime:0.000421s ]
INFO: [ view_filter ] --END-- [ RunTime:0.000545s ]
INFO: [ app_end ] --START--
INFO: Run Behavior\ShowPageTraceBehavior [ RunTime:0.000608s ]
INFO: [ app_end ] --END-- [ RunTime:0.000735s ]

[ 2016-05-12T16:39:43+08:00 ] ::1 /myApp/index.php/Admin/Manger/manger_mood
INFO: [ app_init ] --START--
INFO: Run Behavior\BuildLiteBehavior [ RunTime:0.000030s ]
INFO: [ app_init ] --END-- [ RunTime:0.000540s ]
INFO: [ app_begin ] --START--
INFO: Run Behavior\ReadHtmlCacheBehavior [ RunTime:0.000608s ]
INFO: [ app_begin ] --END-- [ RunTime:0.000843s ]
SQL: SHOW COLUMNS FROM `tp_mood` [ RunTime:0.0090s ]
SQL: SELECT COUNT(*) AS tp_count FROM `tp_mood` LIMIT 1   [ RunTime:0.0005s ]
SQL: SELECT * FROM `tp_mood` LIMIT 0,5   [ RunTime:0.0004s ]
INFO: [ view_parse ] --START--
INFO: [ template_filter ] --START--
INFO: Run Behavior\ContentReplaceBehavior [ RunTime:0.000126s ]
INFO: [ template_filter ] --END-- [ RunTime:0.000489s ]
NOTIC: [8] Use of undefined constant id - assumed 'id' D:\wamp\www\myApp\App\Runtime\Cache\Admin\085e37e50073c9f3e5bd7dde97ef3a12.php 第 25 行.
NOTIC: [8] Use of undefined constant id - assumed 'id' D:\wamp\www\myApp\App\Runtime\Cache\Admin\085e37e50073c9f3e5bd7dde97ef3a12.php 第 25 行.
NOTIC: [8] Use of undefined constant id - assumed 'id' D:\wamp\www\myApp\App\Runtime\Cache\Admin\085e37e50073c9f3e5bd7dde97ef3a12.php 第 25 行.
NOTIC: [8] Use of undefined constant id - assumed 'id' D:\wamp\www\myApp\App\Runtime\Cache\Admin\085e37e50073c9f3e5bd7dde97ef3a12.php 第 25 行.
NOTIC: [8] Use of undefined constant id - assumed 'id' D:\wamp\www\myApp\App\Runtime\Cache\Admin\085e37e50073c9f3e5bd7dde97ef3a12.php 第 25 行.
INFO: Run Behavior\ParseTemplateBehavior [ RunTime:0.077112s ]
INFO: [ view_parse ] --END-- [ RunTime:0.077238s ]
INFO: [ view_filter ] --START--
INFO: Run Behavior\WriteHtmlCacheBehavior [ RunTime:0.000567s ]
INFO: [ view_filter ] --END-- [ RunTime:0.000682s ]
INFO: [ app_end ] --START--
INFO: Run Behavior\ShowPageTraceBehavior [ RunTime:0.000643s ]
INFO: [ app_end ] --END-- [ RunTime:0.000773s ]

[ 2016-05-12T16:39:44+08:00 ] ::1 /myApp/index.php/Admin/Manger/manger_friend
INFO: [ app_init ] --START--
INFO: Run Behavior\BuildLiteBehavior [ RunTime:0.000028s ]
INFO: [ app_init ] --END-- [ RunTime:0.000533s ]
INFO: [ app_begin ] --START--
INFO: Run Behavior\ReadHtmlCacheBehavior [ RunTime:0.000925s ]
INFO: [ app_begin ] --END-- [ RunTime:0.001222s ]
SQL: SHOW COLUMNS FROM `tp_friend` [ RunTime:0.0986s ]
SQL: SELECT COUNT(*) AS tp_count FROM `tp_friend` LIMIT 1   [ RunTime:0.0004s ]
SQL: SELECT * FROM `tp_friend` LIMIT 0,1   [ RunTime:0.0003s ]
INFO: [ view_parse ] --START--
INFO: [ template_filter ] --START--
INFO: Run Behavior\ContentReplaceBehavior [ RunTime:0.000097s ]
INFO: [ template_filter ] --END-- [ RunTime:0.000300s ]
NOTIC: [8] Use of undefined constant id - assumed 'id' D:\wamp\www\myApp\App\Runtime\Cache\Admin\0a2d3d51aa87df73775c1ff3ddc45227.php 第 26 行.
INFO: Run Behavior\ParseTemplateBehavior [ RunTime:0.033960s ]
INFO: [ view_parse ] --END-- [ RunTime:0.034106s ]
INFO: [ view_filter ] --START--
INFO: Run Behavior\WriteHtmlCacheBehavior [ RunTime:0.000461s ]
INFO: [ view_filter ] --END-- [ RunTime:0.000584s ]
INFO: [ app_end ] --START--
INFO: Run Behavior\ShowPageTraceBehavior [ RunTime:0.000768s ]
INFO: [ app_end ] --END-- [ RunTime:0.000905s ]

[ 2016-05-12T16:39:45+08:00 ] ::1 /myApp/index.php/Admin/Manger/manger_delia
INFO: [ app_init ] --START--
INFO: Run Behavior\BuildLiteBehavior [ RunTime:0.000030s ]
INFO: [ app_init ] --END-- [ RunTime:0.000501s ]
INFO: [ app_begin ] --START--
INFO: Run Behavior\ReadHtmlCacheBehavior [ RunTime:0.000695s ]
INFO: [ app_begin ] --END-- [ RunTime:0.000897s ]
SQL: SHOW COLUMNS FROM `tp_delia` [ RunTime:0.0082s ]
SQL: SELECT COUNT(*) AS tp_count FROM `tp_delia` LIMIT 1   [ RunTime:0.0003s ]
SQL: SELECT * FROM `tp_delia` LIMIT 0,1   [ RunTime:0.0003s ]
INFO: [ view_parse ] --START--
INFO: [ template_filter ] --START--
INFO: Run Behavior\ContentReplaceBehavior [ RunTime:0.000210s ]
INFO: [ template_filter ] --END-- [ RunTime:0.000604s ]
NOTIC: [8] Use of undefined constant id - assumed 'id' D:\wamp\www\myApp\App\Runtime\Cache\Admin\ae0167ee440ec736acf0be1a3d8773b7.php 第 25 行.
INFO: Run Behavior\ParseTemplateBehavior [ RunTime:0.082781s ]
INFO: [ view_parse ] --END-- [ RunTime:0.083094s ]
INFO: [ view_filter ] --START--
INFO: Run Behavior\WriteHtmlCacheBehavior [ RunTime:0.001224s ]
INFO: [ view_filter ] --END-- [ RunTime:0.001599s ]
INFO: [ app_end ] --START--
INFO: Run Behavior\ShowPageTraceBehavior [ RunTime:0.001829s ]
INFO: [ app_end ] --END-- [ RunTime:0.002212s ]

[ 2016-05-12T16:39:47+08:00 ] ::1 /myApp/index.php/Admin/Manger/manger_mood
INFO: [ app_init ] --START--
INFO: Run Behavior\BuildLiteBehavior [ RunTime:0.000029s ]
INFO: [ app_init ] --END-- [ RunTime:0.000550s ]
INFO: [ app_begin ] --START--
INFO: Run Behavior\ReadHtmlCacheBehavior [ RunTime:0.000690s ]
INFO: [ app_begin ] --END-- [ RunTime:0.000844s ]
SQL: SHOW COLUMNS FROM `tp_mood` [ RunTime:0.0038s ]
SQL: SELECT COUNT(*) AS tp_count FROM `tp_mood` LIMIT 1   [ RunTime:0.0003s ]
SQL: SELECT * FROM `tp_mood` LIMIT 0,5   [ RunTime:0.0004s ]
INFO: [ view_parse ] --START--
INFO: [ template_filter ] --START--
INFO: Run Behavior\ContentReplaceBehavior [ RunTime:0.000064s ]
INFO: [ template_filter ] --END-- [ RunTime:0.000187s ]
NOTIC: [8] Use of undefined constant id - assumed 'id' D:\wamp\www\myApp\App\Runtime\Cache\Admin\085e37e50073c9f3e5bd7dde97ef3a12.php 第 25 行.
NOTIC: [8] Use of undefined constant id - assumed 'id' D:\wamp\www\myApp\App\Runtime\Cache\Admin\085e37e50073c9f3e5bd7dde97ef3a12.php 第 25 行.
NOTIC: [8] Use of undefined constant id - assumed 'id' D:\wamp\www\myApp\App\Runtime\Cache\Admin\085e37e50073c9f3e5bd7dde97ef3a12.php 第 25 行.
NOTIC: [8] Use of undefined constant id - assumed 'id' D:\wamp\www\myApp\App\Runtime\Cache\Admin\085e37e50073c9f3e5bd7dde97ef3a12.php 第 25 行.
NOTIC: [8] Use of undefined constant id - assumed 'id' D:\wamp\www\myApp\App\Runtime\Cache\Admin\085e37e50073c9f3e5bd7dde97ef3a12.php 第 25 行.
INFO: Run Behavior\ParseTemplateBehavior [ RunTime:0.009913s ]
INFO: [ view_parse ] --END-- [ RunTime:0.010071s ]
INFO: [ view_filter ] --START--
INFO: Run Behavior\WriteHtmlCacheBehavior [ RunTime:0.000506s ]
INFO: [ view_filter ] --END-- [ RunTime:0.000631s ]
INFO: [ app_end ] --START--
INFO: Run Behavior\ShowPageTraceBehavior [ RunTime:0.000654s ]
INFO: [ app_end ] --END-- [ RunTime:0.000770s ]

[ 2016-05-12T16:39:48+08:00 ] ::1 /myApp/index.php/Admin/Manger/manger_friend
INFO: [ app_init ] --START--
INFO: Run Behavior\BuildLiteBehavior [ RunTime:0.000030s ]
INFO: [ app_init ] --END-- [ RunTime:0.000519s ]
INFO: [ app_begin ] --START--
INFO: Run Behavior\ReadHtmlCacheBehavior [ RunTime:0.000806s ]
INFO: [ app_begin ] --END-- [ RunTime:0.000970s ]
SQL: SHOW COLUMNS FROM `tp_friend` [ RunTime:0.0049s ]
SQL: SELECT COUNT(*) AS tp_count FROM `tp_friend` LIMIT 1   [ RunTime:0.0003s ]
SQL: SELECT * FROM `tp_friend` LIMIT 0,1   [ RunTime:0.0004s ]
INFO: [ view_parse ] --START--
INFO: [ template_filter ] --START--
INFO: Run Behavior\ContentReplaceBehavior [ RunTime:0.000081s ]
INFO: [ template_filter ] --END-- [ RunTime:0.000224s ]
NOTIC: [8] Use of undefined constant id - assumed 'id' D:\wamp\www\myApp\App\Runtime\Cache\Admin\0a2d3d51aa87df73775c1ff3ddc45227.php 第 26 行.
INFO: Run Behavior\ParseTemplateBehavior [ RunTime:0.010371s ]
INFO: [ view_parse ] --END-- [ RunTime:0.010513s ]
INFO: [ view_filter ] --START--
INFO: Run Behavior\WriteHtmlCacheBehavior [ RunTime:0.000514s ]
INFO: [ view_filter ] --END-- [ RunTime:0.000627s ]
INFO: [ app_end ] --START--
INFO: Run Behavior\ShowPageTraceBehavior [ RunTime:0.000601s ]
INFO: [ app_end ] --END-- [ RunTime:0.000714s ]

[ 2016-05-12T16:39:50+08:00 ] ::1 /myApp/index.php/Admin/Manger/manger_delia
INFO: [ app_init ] --START--
INFO: Run Behavior\BuildLiteBehavior [ RunTime:0.000030s ]
INFO: [ app_init ] --END-- [ RunTime:0.000582s ]
INFO: [ app_begin ] --START--
INFO: Run Behavior\ReadHtmlCacheBehavior [ RunTime:0.000554s ]
INFO: [ app_begin ] --END-- [ RunTime:0.000725s ]
SQL: SHOW COLUMNS FROM `tp_delia` [ RunTime:0.0050s ]
SQL: SELECT COUNT(*) AS tp_count FROM `tp_delia` LIMIT 1   [ RunTime:0.0003s ]
SQL: SELECT * FROM `tp_delia` LIMIT 0,1   [ RunTime:0.0004s ]
INFO: [ view_parse ] --START--
INFO: [ template_filter ] --START--
INFO: Run Behavior\ContentReplaceBehavior [ RunTime:0.000068s ]
INFO: [ template_filter ] --END-- [ RunTime:0.000189s ]
NOTIC: [8] Use of undefined constant id - assumed 'id' D:\wamp\www\myApp\App\Runtime\Cache\Admin\ae0167ee440ec736acf0be1a3d8773b7.php 第 25 行.
INFO: Run Behavior\ParseTemplateBehavior [ RunTime:0.008552s ]
INFO: [ view_parse ] --END-- [ RunTime:0.008675s ]
INFO: [ view_filter ] --START--
INFO: Run Behavior\WriteHtmlCacheBehavior [ RunTime:0.000456s ]
INFO: [ view_filter ] --END-- [ RunTime:0.000573s ]
INFO: [ app_end ] --START--
INFO: Run Behavior\ShowPageTraceBehavior [ RunTime:0.000627s ]
INFO: [ app_end ] --END-- [ RunTime:0.000741s ]

