[ 2016-05-01T13:21:13+08:00 ] ::1 /myApp/index.php
INFO: [ app_init ] --START--
INFO: Run Behavior\BuildLiteBehavior [ RunTime:0.000052s ]
INFO: [ app_init ] --END-- [ RunTime:0.041277s ]
INFO: [ app_begin ] --START--
INFO: Run Behavior\ReadHtmlCacheBehavior [ RunTime:0.021941s ]
INFO: [ app_begin ] --END-- [ RunTime:0.022165s ]
SQL: SHOW COLUMNS FROM `tp_music` [ RunTime:0.0806s ]
SQL: SELECT * FROM `tp_music`  [ RunTime:0.0007s ]
INFO: [ view_parse ] --START--
INFO: [ template_filter ] --START--
INFO: Run Behavior\ContentReplaceBehavior [ RunTime:0.000823s ]
INFO: [ template_filter ] --END-- [ RunTime:0.000965s ]
NOTIC: [8] Undefined variable: user D:\wamp\www\myApp\App\Runtime\Cache\Home\00e52909bed743ea261af4b6823297ff.php 第 21 行.
NOTIC: [8] Undefined variable: imgUrl D:\wamp\www\myApp\App\Runtime\Cache\Home\00e52909bed743ea261af4b6823297ff.php 第 23 行.
INFO: Run Behavior\ParseTemplateBehavior [ RunTime:0.119819s ]
INFO: [ view_parse ] --END-- [ RunTime:0.119983s ]
INFO: [ view_filter ] --START--
INFO: Run Behavior\WriteHtmlCacheBehavior [ RunTime:0.014967s ]
INFO: [ view_filter ] --END-- [ RunTime:0.015108s ]
INFO: [ app_end ] --START--
INFO: Run Behavior\ShowPageTraceBehavior [ RunTime:0.010914s ]
INFO: [ app_end ] --END-- [ RunTime:0.011113s ]

