[ 2016-04-18T20:24:16+08:00 ] ::1 /myApp/index.php
INFO: [ app_init ] --START--
INFO: Run Behavior\BuildLiteBehavior [ RunTime:0.000035s ]
INFO: [ app_init ] --END-- [ RunTime:0.016266s ]
INFO: [ app_begin ] --START--
INFO: Run Behavior\ReadHtmlCacheBehavior [ RunTime:0.001107s ]
INFO: [ app_begin ] --END-- [ RunTime:0.001269s ]
SQL: SHOW COLUMNS FROM `tp_music` [ RunTime:0.1457s ]
SQL: SELECT * FROM `tp_music`  [ RunTime:0.0010s ]
INFO: [ view_parse ] --START--
INFO: [ template_filter ] --START--
INFO: Run Behavior\ContentReplaceBehavior [ RunTime:0.000120s ]
INFO: [ template_filter ] --END-- [ RunTime:0.000244s ]
NOTIC: [8] Undefined variable: user D:\wamp\www\myApp\App\Runtime\Cache\Home\00e52909bed743ea261af4b6823297ff.php 第 21 行.
NOTIC: [8] Undefined variable: imgUrl D:\wamp\www\myApp\App\Runtime\Cache\Home\00e52909bed743ea261af4b6823297ff.php 第 23 行.
INFO: Run Behavior\ParseTemplateBehavior [ RunTime:0.130329s ]
INFO: [ view_parse ] --END-- [ RunTime:0.130526s ]
INFO: [ view_filter ] --START--
INFO: Run Behavior\WriteHtmlCacheBehavior [ RunTime:0.012492s ]
INFO: [ view_filter ] --END-- [ RunTime:0.012640s ]
INFO: [ app_end ] --START--
INFO: Run Behavior\ShowPageTraceBehavior [ RunTime:0.015217s ]
INFO: [ app_end ] --END-- [ RunTime:0.015577s ]

