[ 2016-05-22T18:36:19+08:00 ] ::1 /myApp/index.php
INFO: [ app_init ] --START--
INFO: Run Behavior\BuildLiteBehavior [ RunTime:0.000038s ]
INFO: [ app_init ] --END-- [ RunTime:0.039703s ]
INFO: [ app_begin ] --START--
INFO: Run Behavior\ReadHtmlCacheBehavior [ RunTime:0.014870s ]
INFO: [ app_begin ] --END-- [ RunTime:0.015092s ]
SQL: SHOW COLUMNS FROM `tp_music` [ RunTime:0.0606s ]
SQL: SELECT * FROM `tp_music`  [ RunTime:0.0004s ]
INFO: [ view_parse ] --START--
INFO: [ template_filter ] --START--
INFO: Run Behavior\ContentReplaceBehavior [ RunTime:0.000856s ]
INFO: [ template_filter ] --END-- [ RunTime:0.001002s ]
NOTIC: [8] Undefined variable: user D:\wamp\www\myApp\App\Runtime\Cache\Home\00e52909bed743ea261af4b6823297ff.php 第 21 行.
NOTIC: [8] Undefined variable: imgUrl D:\wamp\www\myApp\App\Runtime\Cache\Home\00e52909bed743ea261af4b6823297ff.php 第 23 行.
INFO: Run Behavior\ParseTemplateBehavior [ RunTime:0.097751s ]
INFO: [ view_parse ] --END-- [ RunTime:0.097884s ]
INFO: [ view_filter ] --START--
INFO: Run Behavior\WriteHtmlCacheBehavior [ RunTime:0.015604s ]
INFO: [ view_filter ] --END-- [ RunTime:0.015794s ]
INFO: [ app_end ] --START--
INFO: Run Behavior\ShowPageTraceBehavior [ RunTime:0.011928s ]
INFO: [ app_end ] --END-- [ RunTime:0.012296s ]

[ 2016-05-22T18:37:05+08:00 ] ::1 /myApp/index.php/Login/login.html
INFO: [ app_init ] --START--
INFO: Run Behavior\BuildLiteBehavior [ RunTime:0.000048s ]
INFO: [ app_init ] --END-- [ RunTime:0.000912s ]
INFO: [ app_begin ] --START--
INFO: Run Behavior\ReadHtmlCacheBehavior [ RunTime:0.000677s ]
INFO: [ app_begin ] --END-- [ RunTime:0.000829s ]
INFO: [ view_parse ] --START--
INFO: [ template_filter ] --START--
INFO: Run Behavior\ContentReplaceBehavior [ RunTime:0.000282s ]
INFO: [ template_filter ] --END-- [ RunTime:0.000736s ]
INFO: Run Behavior\ParseTemplateBehavior [ RunTime:0.029193s ]
INFO: [ view_parse ] --END-- [ RunTime:0.029533s ]
INFO: [ view_filter ] --START--
INFO: Run Behavior\WriteHtmlCacheBehavior [ RunTime:0.001937s ]
INFO: [ view_filter ] --END-- [ RunTime:0.002576s ]
INFO: [ app_end ] --START--
INFO: Run Behavior\ShowPageTraceBehavior [ RunTime:0.002065s ]
INFO: [ app_end ] --END-- [ RunTime:0.002475s ]

[ 2016-05-22T18:37:18+08:00 ] ::1 /myApp/index.php/Login/checklogin
INFO: [ app_init ] --START--
INFO: Run Behavior\BuildLiteBehavior [ RunTime:0.000053s ]
INFO: [ app_init ] --END-- [ RunTime:0.000964s ]
INFO: [ app_begin ] --START--
INFO: Run Behavior\ReadHtmlCacheBehavior [ RunTime:0.001000s ]
INFO: [ app_begin ] --END-- [ RunTime:0.001286s ]
SQL: SHOW COLUMNS FROM `tp_user` [ RunTime:0.1382s ]
SQL: SELECT * FROM `tp_user` WHERE `username` = '狮子狗' AND `password` = '7c4a8d09ca3762af61e59520943dc26494f8941b' LIMIT 1   [ RunTime:0.0347s ]
INFO: [ view_parse ] --START--
INFO: [ template_filter ] --START--
INFO: Run Behavior\ContentReplaceBehavior [ RunTime:0.000209s ]
INFO: [ template_filter ] --END-- [ RunTime:0.000687s ]
INFO: Run Behavior\ParseTemplateBehavior [ RunTime:0.027777s ]
INFO: [ view_parse ] --END-- [ RunTime:0.028234s ]
INFO: [ view_filter ] --START--
INFO: Run Behavior\WriteHtmlCacheBehavior [ RunTime:0.001059s ]
INFO: [ view_filter ] --END-- [ RunTime:0.001431s ]
INFO: [ app_end ] --START--
INFO: Run Behavior\ShowPageTraceBehavior [ RunTime:0.001748s ]
INFO: [ app_end ] --END-- [ RunTime:0.002142s ]

[ 2016-05-22T18:37:19+08:00 ] ::1 /myApp/index.php
INFO: [ app_init ] --START--
INFO: Run Behavior\BuildLiteBehavior [ RunTime:0.000041s ]
INFO: [ app_init ] --END-- [ RunTime:0.000718s ]
INFO: [ app_begin ] --START--
INFO: Run Behavior\ReadHtmlCacheBehavior [ RunTime:0.001091s ]
INFO: [ app_begin ] --END-- [ RunTime:0.001306s ]
SQL: SHOW COLUMNS FROM `tp_music` [ RunTime:0.0089s ]
SQL: SELECT * FROM `tp_music`  [ RunTime:0.0004s ]
INFO: [ view_parse ] --START--
INFO: [ template_filter ] --START--
INFO: Run Behavior\ContentReplaceBehavior [ RunTime:0.000121s ]
INFO: [ template_filter ] --END-- [ RunTime:0.000242s ]
INFO: Run Behavior\ParseTemplateBehavior [ RunTime:0.011709s ]
INFO: [ view_parse ] --END-- [ RunTime:0.011841s ]
INFO: [ view_filter ] --START--
INFO: Run Behavior\WriteHtmlCacheBehavior [ RunTime:0.000421s ]
INFO: [ view_filter ] --END-- [ RunTime:0.000545s ]
INFO: [ app_end ] --START--
INFO: Run Behavior\ShowPageTraceBehavior [ RunTime:0.000723s ]
INFO: [ app_end ] --END-- [ RunTime:0.000909s ]

[ 2016-05-22T18:37:33+08:00 ] ::1 /myApp/index.php/Index/feng.html
INFO: [ app_init ] --START--
INFO: Run Behavior\BuildLiteBehavior [ RunTime:0.000041s ]
INFO: [ app_init ] --END-- [ RunTime:0.001149s ]
INFO: [ app_begin ] --START--
INFO: Run Behavior\ReadHtmlCacheBehavior [ RunTime:0.000603s ]
INFO: [ app_begin ] --END-- [ RunTime:0.000761s ]
SQL: SHOW COLUMNS FROM `tp_music` [ RunTime:0.0153s ]
SQL: SELECT * FROM `tp_music`  [ RunTime:0.0005s ]
INFO: [ view_parse ] --START--
INFO: [ template_filter ] --START--
INFO: Run Behavior\ContentReplaceBehavior [ RunTime:0.000109s ]
INFO: [ template_filter ] --END-- [ RunTime:0.000244s ]
INFO: Run Behavior\ParseTemplateBehavior [ RunTime:0.033464s ]
INFO: [ view_parse ] --END-- [ RunTime:0.033709s ]
INFO: [ view_filter ] --START--
INFO: Run Behavior\WriteHtmlCacheBehavior [ RunTime:0.000603s ]
INFO: [ view_filter ] --END-- [ RunTime:0.000743s ]
INFO: [ app_end ] --START--
INFO: Run Behavior\ShowPageTraceBehavior [ RunTime:0.000661s ]
INFO: [ app_end ] --END-- [ RunTime:0.000793s ]

[ 2016-05-22T18:37:33+08:00 ] ::1 /myApp/index.php/Index/feng.html
INFO: [ app_init ] --START--
INFO: Run Behavior\BuildLiteBehavior [ RunTime:0.000074s ]
INFO: [ app_init ] --END-- [ RunTime:0.001307s ]
INFO: [ app_begin ] --START--
INFO: Run Behavior\ReadHtmlCacheBehavior [ RunTime:0.000587s ]
INFO: [ app_begin ] --END-- [ RunTime:0.000762s ]
SQL: SHOW COLUMNS FROM `tp_music` [ RunTime:0.0051s ]
SQL: SELECT * FROM `tp_music`  [ RunTime:0.0003s ]
INFO: [ view_parse ] --START--
INFO: [ template_filter ] --START--
INFO: Run Behavior\ContentReplaceBehavior [ RunTime:0.000108s ]
INFO: [ template_filter ] --END-- [ RunTime:0.000240s ]
INFO: Run Behavior\ParseTemplateBehavior [ RunTime:0.008309s ]
INFO: [ view_parse ] --END-- [ RunTime:0.008440s ]
INFO: [ view_filter ] --START--
INFO: Run Behavior\WriteHtmlCacheBehavior [ RunTime:0.000441s ]
INFO: [ view_filter ] --END-- [ RunTime:0.000567s ]
INFO: [ app_end ] --START--
INFO: Run Behavior\ShowPageTraceBehavior [ RunTime:0.000558s ]
INFO: [ app_end ] --END-- [ RunTime:0.000682s ]

[ 2016-05-22T18:38:18+08:00 ] ::1 /myApp/index.php/Index/mood.html
INFO: [ app_init ] --START--
INFO: Run Behavior\BuildLiteBehavior [ RunTime:0.000053s ]
INFO: [ app_init ] --END-- [ RunTime:0.000831s ]
INFO: [ app_begin ] --START--
INFO: Run Behavior\ReadHtmlCacheBehavior [ RunTime:0.000873s ]
INFO: [ app_begin ] --END-- [ RunTime:0.001075s ]
SQL: SHOW COLUMNS FROM `tp_mood` [ RunTime:0.0538s ]
SQL: SELECT * FROM `tp_mood`  [ RunTime:0.0004s ]
INFO: [ view_parse ] --START--
INFO: [ template_filter ] --START--
INFO: Run Behavior\ContentReplaceBehavior [ RunTime:0.000190s ]
INFO: [ template_filter ] --END-- [ RunTime:0.000469s ]
NOTIC: [8] Undefined offset: 0 D:\wamp\www\myApp\App\Common\Common\function.php 第 50 行.
INFO: Run Behavior\ParseTemplateBehavior [ RunTime:0.032992s ]
INFO: [ view_parse ] --END-- [ RunTime:0.033130s ]
INFO: [ view_filter ] --START--
INFO: Run Behavior\WriteHtmlCacheBehavior [ RunTime:0.000463s ]
INFO: [ view_filter ] --END-- [ RunTime:0.000581s ]
INFO: [ app_end ] --START--
INFO: Run Behavior\ShowPageTraceBehavior [ RunTime:0.000675s ]
INFO: [ app_end ] --END-- [ RunTime:0.000804s ]

[ 2016-05-22T18:38:51+08:00 ] ::1 /myApp/index.php/Index/delia.html
INFO: [ app_init ] --START--
INFO: Run Behavior\BuildLiteBehavior [ RunTime:0.000032s ]
INFO: [ app_init ] --END-- [ RunTime:0.000568s ]
INFO: [ app_begin ] --START--
INFO: Run Behavior\ReadHtmlCacheBehavior [ RunTime:0.000651s ]
INFO: [ app_begin ] --END-- [ RunTime:0.000852s ]
SQL: SHOW COLUMNS FROM `tp_delia` [ RunTime:0.0896s ]
SQL: SELECT COUNT(*) AS tp_count FROM `tp_delia` LIMIT 1   [ RunTime:0.0197s ]
SQL: SELECT * FROM `tp_delia` LIMIT 0,2   [ RunTime:0.0004s ]
INFO: [ view_parse ] --START--
INFO: [ template_filter ] --START--
INFO: Run Behavior\ContentReplaceBehavior [ RunTime:0.000113s ]
INFO: [ template_filter ] --END-- [ RunTime:0.000258s ]
NOTIC: [8] Use of undefined constant id - assumed 'id' D:\wamp\www\myApp\App\Runtime\Cache\Home\8b4b470381bcd60f94179a7786c34395.php 第 78 行.
NOTIC: [8] Use of undefined constant id - assumed 'id' D:\wamp\www\myApp\App\Runtime\Cache\Home\8b4b470381bcd60f94179a7786c34395.php 第 78 行.
NOTIC: [8] Use of undefined constant id - assumed 'id' D:\wamp\www\myApp\App\Runtime\Cache\Home\8b4b470381bcd60f94179a7786c34395.php 第 78 行.
NOTIC: [8] Use of undefined constant id - assumed 'id' D:\wamp\www\myApp\App\Runtime\Cache\Home\8b4b470381bcd60f94179a7786c34395.php 第 78 行.
INFO: Run Behavior\ParseTemplateBehavior [ RunTime:0.019968s ]
INFO: [ view_parse ] --END-- [ RunTime:0.020118s ]
INFO: [ view_filter ] --START--
INFO: Run Behavior\WriteHtmlCacheBehavior [ RunTime:0.000504s ]
INFO: [ view_filter ] --END-- [ RunTime:0.000618s ]
INFO: [ app_end ] --START--
INFO: Run Behavior\ShowPageTraceBehavior [ RunTime:0.000639s ]
INFO: [ app_end ] --END-- [ RunTime:0.000763s ]

[ 2016-05-22T18:40:30+08:00 ] ::1 /myApp/index.php/Index/delia/p/2.html
INFO: [ app_init ] --START--
INFO: Run Behavior\BuildLiteBehavior [ RunTime:0.000032s ]
INFO: [ app_init ] --END-- [ RunTime:0.000715s ]
INFO: [ app_begin ] --START--
INFO: Run Behavior\ReadHtmlCacheBehavior [ RunTime:0.000647s ]
INFO: [ app_begin ] --END-- [ RunTime:0.000801s ]
SQL: SHOW COLUMNS FROM `tp_delia` [ RunTime:0.0075s ]
SQL: SELECT COUNT(*) AS tp_count FROM `tp_delia` LIMIT 1   [ RunTime:0.0003s ]
SQL: SELECT * FROM `tp_delia` LIMIT 2,2   [ RunTime:0.0004s ]
INFO: [ view_parse ] --START--
INFO: [ template_filter ] --START--
INFO: Run Behavior\ContentReplaceBehavior [ RunTime:0.000118s ]
INFO: [ template_filter ] --END-- [ RunTime:0.000276s ]
NOTIC: [8] Use of undefined constant id - assumed 'id' D:\wamp\www\myApp\App\Runtime\Cache\Home\8b4b470381bcd60f94179a7786c34395.php 第 78 行.
NOTIC: [8] Use of undefined constant id - assumed 'id' D:\wamp\www\myApp\App\Runtime\Cache\Home\8b4b470381bcd60f94179a7786c34395.php 第 78 行.
INFO: Run Behavior\ParseTemplateBehavior [ RunTime:0.011081s ]
INFO: [ view_parse ] --END-- [ RunTime:0.011264s ]
INFO: [ view_filter ] --START--
INFO: Run Behavior\WriteHtmlCacheBehavior [ RunTime:0.000485s ]
INFO: [ view_filter ] --END-- [ RunTime:0.000598s ]
INFO: [ app_end ] --START--
INFO: Run Behavior\ShowPageTraceBehavior [ RunTime:0.000641s ]
INFO: [ app_end ] --END-- [ RunTime:0.000758s ]

[ 2016-05-22T18:40:34+08:00 ] ::1 /myApp/index.php/Index/delia/p/1.html
INFO: [ app_init ] --START--
INFO: Run Behavior\BuildLiteBehavior [ RunTime:0.000028s ]
INFO: [ app_init ] --END-- [ RunTime:0.000571s ]
INFO: [ app_begin ] --START--
INFO: Run Behavior\ReadHtmlCacheBehavior [ RunTime:0.000577s ]
INFO: [ app_begin ] --END-- [ RunTime:0.000717s ]
SQL: SHOW COLUMNS FROM `tp_delia` [ RunTime:0.0041s ]
SQL: SELECT COUNT(*) AS tp_count FROM `tp_delia` LIMIT 1   [ RunTime:0.0003s ]
SQL: SELECT * FROM `tp_delia` LIMIT 0,2   [ RunTime:0.0003s ]
INFO: [ view_parse ] --START--
INFO: [ template_filter ] --START--
INFO: Run Behavior\ContentReplaceBehavior [ RunTime:0.000108s ]
INFO: [ template_filter ] --END-- [ RunTime:0.000246s ]
NOTIC: [8] Use of undefined constant id - assumed 'id' D:\wamp\www\myApp\App\Runtime\Cache\Home\8b4b470381bcd60f94179a7786c34395.php 第 78 行.
NOTIC: [8] Use of undefined constant id - assumed 'id' D:\wamp\www\myApp\App\Runtime\Cache\Home\8b4b470381bcd60f94179a7786c34395.php 第 78 行.
NOTIC: [8] Use of undefined constant id - assumed 'id' D:\wamp\www\myApp\App\Runtime\Cache\Home\8b4b470381bcd60f94179a7786c34395.php 第 78 行.
NOTIC: [8] Use of undefined constant id - assumed 'id' D:\wamp\www\myApp\App\Runtime\Cache\Home\8b4b470381bcd60f94179a7786c34395.php 第 78 行.
INFO: Run Behavior\ParseTemplateBehavior [ RunTime:0.010294s ]
INFO: [ view_parse ] --END-- [ RunTime:0.010445s ]
INFO: [ view_filter ] --START--
INFO: Run Behavior\WriteHtmlCacheBehavior [ RunTime:0.000426s ]
INFO: [ view_filter ] --END-- [ RunTime:0.000539s ]
INFO: [ app_end ] --START--
INFO: Run Behavior\ShowPageTraceBehavior [ RunTime:0.000580s ]
INFO: [ app_end ] --END-- [ RunTime:0.000694s ]

[ 2016-05-22T18:40:45+08:00 ] ::1 /myApp/index.php/Index/delialist/id/1.html
INFO: [ app_init ] --START--
INFO: Run Behavior\BuildLiteBehavior [ RunTime:0.000034s ]
INFO: [ app_init ] --END-- [ RunTime:0.000710s ]
INFO: [ app_begin ] --START--
INFO: Run Behavior\ReadHtmlCacheBehavior [ RunTime:0.000604s ]
INFO: [ app_begin ] --END-- [ RunTime:0.000756s ]
SQL: SHOW COLUMNS FROM `tp_delia` [ RunTime:0.0048s ]
SQL: SELECT * FROM `tp_delia` WHERE `id` = 1  [ RunTime:0.0004s ]
INFO: [ view_parse ] --START--
INFO: [ template_filter ] --START--
INFO: Run Behavior\ContentReplaceBehavior [ RunTime:0.000100s ]
INFO: [ template_filter ] --END-- [ RunTime:0.000245s ]
INFO: Run Behavior\ParseTemplateBehavior [ RunTime:0.016953s ]
INFO: [ view_parse ] --END-- [ RunTime:0.017087s ]
INFO: [ view_filter ] --START--
INFO: Run Behavior\WriteHtmlCacheBehavior [ RunTime:0.000446s ]
INFO: [ view_filter ] --END-- [ RunTime:0.000558s ]
INFO: [ app_end ] --START--
INFO: Run Behavior\ShowPageTraceBehavior [ RunTime:0.000572s ]
INFO: [ app_end ] --END-- [ RunTime:0.000689s ]

[ 2016-05-22T18:40:56+08:00 ] ::1 /myApp/index.php
INFO: [ app_init ] --START--
INFO: Run Behavior\BuildLiteBehavior [ RunTime:0.000030s ]
INFO: [ app_init ] --END-- [ RunTime:0.000565s ]
INFO: [ app_begin ] --START--
INFO: Run Behavior\ReadHtmlCacheBehavior [ RunTime:0.000744s ]
INFO: [ app_begin ] --END-- [ RunTime:0.000931s ]
SQL: SHOW COLUMNS FROM `tp_music` [ RunTime:0.0057s ]
SQL: SELECT * FROM `tp_music`  [ RunTime:0.0004s ]
INFO: [ view_parse ] --START--
INFO: [ template_filter ] --START--
INFO: Run Behavior\ContentReplaceBehavior [ RunTime:0.000179s ]
INFO: [ template_filter ] --END-- [ RunTime:0.000360s ]
INFO: Run Behavior\ParseTemplateBehavior [ RunTime:0.012895s ]
INFO: [ view_parse ] --END-- [ RunTime:0.013044s ]
INFO: [ view_filter ] --START--
INFO: Run Behavior\WriteHtmlCacheBehavior [ RunTime:0.000525s ]
INFO: [ view_filter ] --END-- [ RunTime:0.000658s ]
INFO: [ app_end ] --START--
INFO: Run Behavior\ShowPageTraceBehavior [ RunTime:0.000982s ]
INFO: [ app_end ] --END-- [ RunTime:0.001187s ]

[ 2016-05-22T18:41:08+08:00 ] ::1 /myApp/index.php
INFO: [ app_init ] --START--
INFO: Run Behavior\BuildLiteBehavior [ RunTime:0.000032s ]
INFO: [ app_init ] --END-- [ RunTime:0.000568s ]
INFO: [ app_begin ] --START--
INFO: Run Behavior\ReadHtmlCacheBehavior [ RunTime:0.000597s ]
INFO: [ app_begin ] --END-- [ RunTime:0.000757s ]
SQL: SHOW COLUMNS FROM `tp_music` [ RunTime:0.0083s ]
SQL: SELECT * FROM `tp_music`  [ RunTime:0.0004s ]
INFO: [ view_parse ] --START--
INFO: [ template_filter ] --START--
INFO: Run Behavior\ContentReplaceBehavior [ RunTime:0.000153s ]
INFO: [ template_filter ] --END-- [ RunTime:0.000306s ]
INFO: Run Behavior\ParseTemplateBehavior [ RunTime:0.014058s ]
INFO: [ view_parse ] --END-- [ RunTime:0.014227s ]
INFO: [ view_filter ] --START--
INFO: Run Behavior\WriteHtmlCacheBehavior [ RunTime:0.000507s ]
INFO: [ view_filter ] --END-- [ RunTime:0.000620s ]
INFO: [ app_end ] --START--
INFO: Run Behavior\ShowPageTraceBehavior [ RunTime:0.000814s ]
INFO: [ app_end ] --END-- [ RunTime:0.000999s ]

[ 2016-05-22T18:48:27+08:00 ] ::1 /myApp/index.php
INFO: [ app_init ] --START--
INFO: Run Behavior\BuildLiteBehavior [ RunTime:0.000052s ]
INFO: [ app_init ] --END-- [ RunTime:0.001202s ]
INFO: [ app_begin ] --START--
INFO: Run Behavior\ReadHtmlCacheBehavior [ RunTime:0.002028s ]
INFO: [ app_begin ] --END-- [ RunTime:0.002489s ]
SQL: SHOW COLUMNS FROM `tp_music` [ RunTime:0.0132s ]
SQL: SELECT * FROM `tp_music`  [ RunTime:0.0007s ]
INFO: [ view_parse ] --START--
INFO: [ template_filter ] --START--
INFO: Run Behavior\ContentReplaceBehavior [ RunTime:0.000252s ]
INFO: [ template_filter ] --END-- [ RunTime:0.000601s ]
INFO: Run Behavior\ParseTemplateBehavior [ RunTime:0.023356s ]
INFO: [ view_parse ] --END-- [ RunTime:0.023623s ]
INFO: [ view_filter ] --START--
INFO: Run Behavior\WriteHtmlCacheBehavior [ RunTime:0.000881s ]
INFO: [ view_filter ] --END-- [ RunTime:0.001030s ]
INFO: [ app_end ] --START--
INFO: Run Behavior\ShowPageTraceBehavior [ RunTime:0.001838s ]
INFO: [ app_end ] --END-- [ RunTime:0.002269s ]

[ 2016-05-22T18:48:27+08:00 ] ::1 /myApp/index.php/Index/feng.html
INFO: [ app_init ] --START--
INFO: Run Behavior\BuildLiteBehavior [ RunTime:0.000060s ]
INFO: [ app_init ] --END-- [ RunTime:0.001068s ]
INFO: [ app_begin ] --START--
INFO: Run Behavior\ReadHtmlCacheBehavior [ RunTime:0.001391s ]
INFO: [ app_begin ] --END-- [ RunTime:0.001839s ]
SQL: SHOW COLUMNS FROM `tp_music` [ RunTime:0.0089s ]
SQL: SELECT * FROM `tp_music`  [ RunTime:0.0008s ]
INFO: [ view_parse ] --START--
INFO: [ template_filter ] --START--
INFO: Run Behavior\ContentReplaceBehavior [ RunTime:0.000137s ]
INFO: [ template_filter ] --END-- [ RunTime:0.000291s ]
INFO: Run Behavior\ParseTemplateBehavior [ RunTime:0.010373s ]
INFO: [ view_parse ] --END-- [ RunTime:0.010622s ]
INFO: [ view_filter ] --START--
INFO: Run Behavior\WriteHtmlCacheBehavior [ RunTime:0.000360s ]
INFO: [ view_filter ] --END-- [ RunTime:0.000489s ]
INFO: [ app_end ] --START--
INFO: Run Behavior\ShowPageTraceBehavior [ RunTime:0.000681s ]
INFO: [ app_end ] --END-- [ RunTime:0.000844s ]

[ 2016-05-22T18:48:28+08:00 ] ::1 /myApp/index.php/Index/feng.html
INFO: [ app_init ] --START--
INFO: Run Behavior\BuildLiteBehavior [ RunTime:0.000053s ]
INFO: [ app_init ] --END-- [ RunTime:0.000989s ]
INFO: [ app_begin ] --START--
INFO: Run Behavior\ReadHtmlCacheBehavior [ RunTime:0.001001s ]
INFO: [ app_begin ] --END-- [ RunTime:0.001312s ]
SQL: SHOW COLUMNS FROM `tp_music` [ RunTime:0.0059s ]
SQL: SELECT * FROM `tp_music`  [ RunTime:0.0009s ]
INFO: [ view_parse ] --START--
INFO: [ template_filter ] --START--
INFO: Run Behavior\ContentReplaceBehavior [ RunTime:0.000251s ]
INFO: [ template_filter ] --END-- [ RunTime:0.000602s ]
INFO: Run Behavior\ParseTemplateBehavior [ RunTime:0.019354s ]
INFO: [ view_parse ] --END-- [ RunTime:0.019927s ]
INFO: [ view_filter ] --START--
INFO: Run Behavior\WriteHtmlCacheBehavior [ RunTime:0.001197s ]
INFO: [ view_filter ] --END-- [ RunTime:0.001523s ]
INFO: [ app_end ] --START--
INFO: Run Behavior\ShowPageTraceBehavior [ RunTime:0.001542s ]
INFO: [ app_end ] --END-- [ RunTime:0.001822s ]

[ 2016-05-22T18:48:35+08:00 ] ::1 /myApp/index.php/Index/friend.html
INFO: [ app_init ] --START--
INFO: Run Behavior\BuildLiteBehavior [ RunTime:0.000030s ]
INFO: [ app_init ] --END-- [ RunTime:0.000544s ]
INFO: [ app_begin ] --START--
INFO: Run Behavior\ReadHtmlCacheBehavior [ RunTime:0.000580s ]
INFO: [ app_begin ] --END-- [ RunTime:0.000738s ]
SQL: SHOW COLUMNS FROM `tp_user` [ RunTime:0.0069s ]
SQL: SELECT COUNT(*) AS tp_count FROM `tp_user` LIMIT 1   [ RunTime:0.0009s ]
SQL: SELECT * FROM `tp_user` ORDER BY reg_time DESC LIMIT 0,5   [ RunTime:0.0005s ]
INFO: [ view_parse ] --START--
INFO: [ template_filter ] --START--
INFO: Run Behavior\ContentReplaceBehavior [ RunTime:0.000656s ]
INFO: [ template_filter ] --END-- [ RunTime:0.001810s ]
INFO: Run Behavior\ParseTemplateBehavior [ RunTime:0.026917s ]
INFO: [ view_parse ] --END-- [ RunTime:0.027172s ]
INFO: [ view_filter ] --START--
INFO: Run Behavior\WriteHtmlCacheBehavior [ RunTime:0.000468s ]
INFO: [ view_filter ] --END-- [ RunTime:0.000589s ]
INFO: [ app_end ] --START--
INFO: Run Behavior\ShowPageTraceBehavior [ RunTime:0.000636s ]
INFO: [ app_end ] --END-- [ RunTime:0.000752s ]

[ 2016-05-22T18:49:00+08:00 ] ::1 /myApp/index.php/Index/friend.html
INFO: [ app_init ] --START--
INFO: Run Behavior\BuildLiteBehavior [ RunTime:0.000033s ]
INFO: [ app_init ] --END-- [ RunTime:0.000768s ]
INFO: [ app_begin ] --START--
INFO: Run Behavior\ReadHtmlCacheBehavior [ RunTime:0.000597s ]
INFO: [ app_begin ] --END-- [ RunTime:0.000750s ]
SQL: SHOW COLUMNS FROM `tp_user` [ RunTime:0.0245s ]
SQL: SELECT COUNT(*) AS tp_count FROM `tp_user` LIMIT 1   [ RunTime:0.0004s ]
SQL: SELECT * FROM `tp_user` ORDER BY reg_time DESC LIMIT 0,5   [ RunTime:0.0004s ]
INFO: [ view_parse ] --START--
INFO: [ template_filter ] --START--
INFO: Run Behavior\ContentReplaceBehavior [ RunTime:0.000100s ]
INFO: [ template_filter ] --END-- [ RunTime:0.000245s ]
INFO: Run Behavior\ParseTemplateBehavior [ RunTime:0.010331s ]
INFO: [ view_parse ] --END-- [ RunTime:0.010471s ]
INFO: [ view_filter ] --START--
INFO: Run Behavior\WriteHtmlCacheBehavior [ RunTime:0.000555s ]
INFO: [ view_filter ] --END-- [ RunTime:0.000708s ]
INFO: [ app_end ] --START--
INFO: Run Behavior\ShowPageTraceBehavior [ RunTime:0.001479s ]
INFO: [ app_end ] --END-- [ RunTime:0.001616s ]

[ 2016-05-22T18:49:06+08:00 ] ::1 /myApp/index.php/Index/mood.html
INFO: [ app_init ] --START--
INFO: Run Behavior\BuildLiteBehavior [ RunTime:0.000063s ]
INFO: [ app_init ] --END-- [ RunTime:0.001261s ]
INFO: [ app_begin ] --START--
INFO: Run Behavior\ReadHtmlCacheBehavior [ RunTime:0.000591s ]
INFO: [ app_begin ] --END-- [ RunTime:0.000746s ]
SQL: SHOW COLUMNS FROM `tp_mood` [ RunTime:0.0066s ]
SQL: SELECT * FROM `tp_mood`  [ RunTime:0.0004s ]
INFO: [ view_parse ] --START--
INFO: [ template_filter ] --START--
INFO: Run Behavior\ContentReplaceBehavior [ RunTime:0.000127s ]
INFO: [ template_filter ] --END-- [ RunTime:0.000304s ]
NOTIC: [8] Undefined offset: 0 D:\wamp\www\myApp\App\Common\Common\function.php 第 50 行.
INFO: Run Behavior\ParseTemplateBehavior [ RunTime:0.012395s ]
INFO: [ view_parse ] --END-- [ RunTime:0.012563s ]
INFO: [ view_filter ] --START--
INFO: Run Behavior\WriteHtmlCacheBehavior [ RunTime:0.000511s ]
INFO: [ view_filter ] --END-- [ RunTime:0.000639s ]
INFO: [ app_end ] --START--
INFO: Run Behavior\ShowPageTraceBehavior [ RunTime:0.000635s ]
INFO: [ app_end ] --END-- [ RunTime:0.000774s ]

[ 2016-05-22T18:49:29+08:00 ] ::1 /myApp/index.php/Login/loginout.html
INFO: [ app_init ] --START--
INFO: Run Behavior\BuildLiteBehavior [ RunTime:0.000035s ]
INFO: [ app_init ] --END-- [ RunTime:0.000675s ]
INFO: [ app_begin ] --START--
INFO: Run Behavior\ReadHtmlCacheBehavior [ RunTime:0.000649s ]
INFO: [ app_begin ] --END-- [ RunTime:0.000801s ]
INFO: [ view_parse ] --START--
INFO: [ template_filter ] --START--
INFO: Run Behavior\ContentReplaceBehavior [ RunTime:0.000082s ]
INFO: [ template_filter ] --END-- [ RunTime:0.000230s ]
INFO: Run Behavior\ParseTemplateBehavior [ RunTime:0.008201s ]
INFO: [ view_parse ] --END-- [ RunTime:0.008370s ]
INFO: [ view_filter ] --START--
INFO: Run Behavior\WriteHtmlCacheBehavior [ RunTime:0.000736s ]
INFO: [ view_filter ] --END-- [ RunTime:0.000872s ]
INFO: [ app_end ] --START--
INFO: Run Behavior\ShowPageTraceBehavior [ RunTime:0.000663s ]
INFO: [ app_end ] --END-- [ RunTime:0.000794s ]

[ 2016-05-22T18:49:30+08:00 ] ::1 /myApp/index.php
INFO: [ app_init ] --START--
INFO: Run Behavior\BuildLiteBehavior [ RunTime:0.000041s ]
INFO: [ app_init ] --END-- [ RunTime:0.000652s ]
INFO: [ app_begin ] --START--
INFO: Run Behavior\ReadHtmlCacheBehavior [ RunTime:0.001068s ]
INFO: [ app_begin ] --END-- [ RunTime:0.001356s ]
SQL: SHOW COLUMNS FROM `tp_music` [ RunTime:0.0089s ]
SQL: SELECT * FROM `tp_music`  [ RunTime:0.0004s ]
INFO: [ view_parse ] --START--
INFO: [ template_filter ] --START--
INFO: Run Behavior\ContentReplaceBehavior [ RunTime:0.000223s ]
INFO: [ template_filter ] --END-- [ RunTime:0.000422s ]
NOTIC: [8] Undefined variable: user D:\wamp\www\myApp\App\Runtime\Cache\Home\00e52909bed743ea261af4b6823297ff.php 第 21 行.
NOTIC: [8] Undefined variable: imgUrl D:\wamp\www\myApp\App\Runtime\Cache\Home\00e52909bed743ea261af4b6823297ff.php 第 23 行.
INFO: Run Behavior\ParseTemplateBehavior [ RunTime:0.012384s ]
INFO: [ view_parse ] --END-- [ RunTime:0.012516s ]
INFO: [ view_filter ] --START--
INFO: Run Behavior\WriteHtmlCacheBehavior [ RunTime:0.000475s ]
INFO: [ view_filter ] --END-- [ RunTime:0.000592s ]
INFO: [ app_end ] --START--
INFO: Run Behavior\ShowPageTraceBehavior [ RunTime:0.000825s ]
INFO: [ app_end ] --END-- [ RunTime:0.001014s ]

[ 2016-05-22T18:49:48+08:00 ] ::1 /myApp/index.php/Index/delia.html
INFO: [ app_init ] --START--
INFO: Run Behavior\BuildLiteBehavior [ RunTime:0.000033s ]
INFO: [ app_init ] --END-- [ RunTime:0.000548s ]
INFO: [ app_begin ] --START--
INFO: Run Behavior\ReadHtmlCacheBehavior [ RunTime:0.000753s ]
INFO: [ app_begin ] --END-- [ RunTime:0.000953s ]
SQL: SHOW COLUMNS FROM `tp_delia` [ RunTime:0.0091s ]
SQL: SELECT COUNT(*) AS tp_count FROM `tp_delia` LIMIT 1   [ RunTime:0.0012s ]
SQL: SELECT * FROM `tp_delia` LIMIT 0,2   [ RunTime:0.0019s ]
INFO: [ view_parse ] --START--
INFO: [ template_filter ] --START--
INFO: Run Behavior\ContentReplaceBehavior [ RunTime:0.000179s ]
INFO: [ template_filter ] --END-- [ RunTime:0.000424s ]
NOTIC: [8] Undefined variable: user D:\wamp\www\myApp\App\Runtime\Cache\Home\8b4b470381bcd60f94179a7786c34395.php 第 23 行.
NOTIC: [8] Undefined variable: imgUrl D:\wamp\www\myApp\App\Runtime\Cache\Home\8b4b470381bcd60f94179a7786c34395.php 第 25 行.
NOTIC: [8] Use of undefined constant id - assumed 'id' D:\wamp\www\myApp\App\Runtime\Cache\Home\8b4b470381bcd60f94179a7786c34395.php 第 78 行.
NOTIC: [8] Use of undefined constant id - assumed 'id' D:\wamp\www\myApp\App\Runtime\Cache\Home\8b4b470381bcd60f94179a7786c34395.php 第 78 行.
NOTIC: [8] Use of undefined constant id - assumed 'id' D:\wamp\www\myApp\App\Runtime\Cache\Home\8b4b470381bcd60f94179a7786c34395.php 第 78 行.
NOTIC: [8] Use of undefined constant id - assumed 'id' D:\wamp\www\myApp\App\Runtime\Cache\Home\8b4b470381bcd60f94179a7786c34395.php 第 78 行.
INFO: Run Behavior\ParseTemplateBehavior [ RunTime:0.023745s ]
INFO: [ view_parse ] --END-- [ RunTime:0.024046s ]
INFO: [ view_filter ] --START--
INFO: Run Behavior\WriteHtmlCacheBehavior [ RunTime:0.000937s ]
INFO: [ view_filter ] --END-- [ RunTime:0.001284s ]
INFO: [ app_end ] --START--
INFO: Run Behavior\ShowPageTraceBehavior [ RunTime:0.002263s ]
INFO: [ app_end ] --END-- [ RunTime:0.002760s ]

[ 2016-05-22T18:49:51+08:00 ] ::1 /myApp/index.php/Index/delialist/id/1.html
INFO: [ app_init ] --START--
INFO: Run Behavior\BuildLiteBehavior [ RunTime:0.000030s ]
INFO: [ app_init ] --END-- [ RunTime:0.000502s ]
INFO: [ app_begin ] --START--
INFO: Run Behavior\ReadHtmlCacheBehavior [ RunTime:0.000752s ]
INFO: [ app_begin ] --END-- [ RunTime:0.000903s ]
SQL: SHOW COLUMNS FROM `tp_delia` [ RunTime:0.0082s ]
SQL: SELECT * FROM `tp_delia` WHERE `id` = 1  [ RunTime:0.0005s ]
INFO: [ view_parse ] --START--
INFO: [ template_filter ] --START--
INFO: Run Behavior\ContentReplaceBehavior [ RunTime:0.000113s ]
INFO: [ template_filter ] --END-- [ RunTime:0.000283s ]
NOTIC: [8] Undefined variable: user D:\wamp\www\myApp\App\Runtime\Cache\Home\b8ac78fe25fd34b50a8109756f7bdc54.php 第 19 行.
NOTIC: [8] Undefined variable: imgUrl D:\wamp\www\myApp\App\Runtime\Cache\Home\b8ac78fe25fd34b50a8109756f7bdc54.php 第 21 行.
INFO: Run Behavior\ParseTemplateBehavior [ RunTime:0.010801s ]
INFO: [ view_parse ] --END-- [ RunTime:0.010973s ]
INFO: [ view_filter ] --START--
INFO: Run Behavior\WriteHtmlCacheBehavior [ RunTime:0.000426s ]
INFO: [ view_filter ] --END-- [ RunTime:0.000555s ]
INFO: [ app_end ] --START--
INFO: Run Behavior\ShowPageTraceBehavior [ RunTime:0.000746s ]
INFO: [ app_end ] --END-- [ RunTime:0.000883s ]

[ 2016-05-22T18:51:04+08:00 ] ::1 /myApp/index.php
INFO: [ app_init ] --START--
INFO: Run Behavior\BuildLiteBehavior [ RunTime:0.000036s ]
INFO: [ app_init ] --END-- [ RunTime:0.000580s ]
INFO: [ app_begin ] --START--
INFO: Run Behavior\ReadHtmlCacheBehavior [ RunTime:0.000735s ]
INFO: [ app_begin ] --END-- [ RunTime:0.000906s ]
SQL: SHOW COLUMNS FROM `tp_music` [ RunTime:0.0048s ]
SQL: SELECT * FROM `tp_music`  [ RunTime:0.0005s ]
INFO: [ view_parse ] --START--
INFO: [ template_filter ] --START--
INFO: Run Behavior\ContentReplaceBehavior [ RunTime:0.000166s ]
INFO: [ template_filter ] --END-- [ RunTime:0.000329s ]
NOTIC: [8] Undefined variable: user D:\wamp\www\myApp\App\Runtime\Cache\Home\00e52909bed743ea261af4b6823297ff.php 第 21 行.
NOTIC: [8] Undefined variable: imgUrl D:\wamp\www\myApp\App\Runtime\Cache\Home\00e52909bed743ea261af4b6823297ff.php 第 23 行.
INFO: Run Behavior\ParseTemplateBehavior [ RunTime:0.013381s ]
INFO: [ view_parse ] --END-- [ RunTime:0.013547s ]
INFO: [ view_filter ] --START--
INFO: Run Behavior\WriteHtmlCacheBehavior [ RunTime:0.000526s ]
INFO: [ view_filter ] --END-- [ RunTime:0.000657s ]
INFO: [ app_end ] --START--
INFO: Run Behavior\ShowPageTraceBehavior [ RunTime:0.000972s ]
INFO: [ app_end ] --END-- [ RunTime:0.001197s ]

