[ 2016-03-27T14:42:56+08:00 ] ::1 /myApp/index.php
INFO: [ app_init ] --START--
INFO: Run Behavior\BuildLiteBehavior [ RunTime:0.000037s ]
INFO: [ app_init ] --END-- [ RunTime:0.158689s ]
INFO: [ app_begin ] --START--
INFO: Run Behavior\ReadHtmlCacheBehavior [ RunTime:0.007126s ]
INFO: [ app_begin ] --END-- [ RunTime:0.007403s ]
NOTIC: [8] Use of undefined constant test - assumed 'test' D:\wamp\www\myApp\App\Home\Controller\IndexController.class.php 第 6 行.
INFO: [ view_parse ] --START--
INFO: [ template_filter ] --START--
INFO: Run Behavior\ContentReplaceBehavior [ RunTime:0.001487s ]
INFO: [ template_filter ] --END-- [ RunTime:0.001661s ]
INFO: Run Behavior\ParseTemplateBehavior [ RunTime:0.093190s ]
INFO: [ view_parse ] --END-- [ RunTime:0.093400s ]
INFO: [ view_filter ] --START--
INFO: Run Behavior\WriteHtmlCacheBehavior [ RunTime:0.013249s ]
INFO: [ view_filter ] --END-- [ RunTime:0.013395s ]
INFO: [ app_end ] --START--
INFO: Run Behavior\ShowPageTraceBehavior [ RunTime:0.006825s ]
INFO: [ app_end ] --END-- [ RunTime:0.007060s ]

[ 2016-03-27T16:39:51+08:00 ] ::1 /myApp/index.php
INFO: [ app_init ] --START--
INFO: Run Behavior\BuildLiteBehavior [ RunTime:0.000069s ]
INFO: [ app_init ] --END-- [ RunTime:0.039669s ]
INFO: [ app_begin ] --START--
INFO: Run Behavior\ReadHtmlCacheBehavior [ RunTime:0.007201s ]
INFO: [ app_begin ] --END-- [ RunTime:0.007394s ]
NOTIC: [8] Use of undefined constant test - assumed 'test' D:\wamp\www\myApp\App\Home\Controller\IndexController.class.php 第 6 行.
INFO: [ view_parse ] --START--
INFO: [ template_filter ] --START--
INFO: Run Behavior\ContentReplaceBehavior [ RunTime:0.001403s ]
INFO: [ template_filter ] --END-- [ RunTime:0.001552s ]
INFO: Run Behavior\ParseTemplateBehavior [ RunTime:0.116433s ]
INFO: [ view_parse ] --END-- [ RunTime:0.116655s ]
INFO: [ view_filter ] --START--
INFO: Run Behavior\WriteHtmlCacheBehavior [ RunTime:0.011874s ]
INFO: [ view_filter ] --END-- [ RunTime:0.012114s ]
INFO: [ app_end ] --START--
INFO: Run Behavior\ShowPageTraceBehavior [ RunTime:0.005653s ]
INFO: [ app_end ] --END-- [ RunTime:0.005857s ]

[ 2016-03-27T16:40:01+08:00 ] ::1 /myApp/index.php/Register/register
INFO: [ app_init ] --START--
INFO: Run Behavior\BuildLiteBehavior [ RunTime:0.000029s ]
INFO: [ app_init ] --END-- [ RunTime:0.000517s ]
INFO: [ app_begin ] --START--
INFO: Run Behavior\ReadHtmlCacheBehavior [ RunTime:0.000779s ]
INFO: [ app_begin ] --END-- [ RunTime:0.000937s ]
INFO: [ view_parse ] --START--
INFO: [ template_filter ] --START--
INFO: Run Behavior\ContentReplaceBehavior [ RunTime:0.000085s ]
INFO: [ template_filter ] --END-- [ RunTime:0.000275s ]
INFO: Run Behavior\ParseTemplateBehavior [ RunTime:0.011218s ]
INFO: [ view_parse ] --END-- [ RunTime:0.011416s ]
INFO: [ view_filter ] --START--
INFO: Run Behavior\WriteHtmlCacheBehavior [ RunTime:0.000659s ]
INFO: [ view_filter ] --END-- [ RunTime:0.000823s ]
INFO: [ app_end ] --START--
INFO: Run Behavior\ShowPageTraceBehavior [ RunTime:0.000714s ]
INFO: [ app_end ] --END-- [ RunTime:0.000833s ]

